<?xml version="1.0" encoding="UTF-8"?>
<Site BuildName="(empty)"
	BuildStamp="20251002-0531-Experimental"
	Name="amap-LattePanda-Sigma"
	Generator="ctest-3.16.3"
	CompilerName="/usr/bin/g++"
	CompilerVersion="9.4.0"
	OSName="Linux"
	Hostname="amap-LattePanda-Sigma"
	OSRelease="5.15.0-139-generic"
	OSVersion="#149~20.04.1-Ubuntu SMP Wed Apr 16 08:29:56 UTC 2025"
	OSPlatform="x86_64"
	Is64Bits="1"
	VendorString="GenuineIntel"
	VendorID="Intel Corporation"
	FamilyID="6"
	ModelID="186"
	ProcessorCacheSize="12288"
	NumberOfLogicalCPU="16"
	NumberOfPhysicalCPU="12"
	TotalVirtualMemory="2047"
	TotalPhysicalMemory="31821"
	LogicalProcessorsPerPhysical="1"
	ProcessorClockFrequency="2200"
	>
	<Testing>
		<StartDateTime>Oct 02 14:31 KST</StartDateTime>
		<StartTestTime>1759383080</StartTestTime>
		<TestList/>
		<EndDateTime>Oct 02 14:31 KST</EndDateTime>
		<EndTestTime>1759383080</EndTestTime>
		<ElapsedMinutes>0</ElapsedMinutes>
	</Testing>
</Site>
