<?xml version="1.0" encoding="UTF-8"?>
<Site BuildName="(empty)"
	BuildStamp="20250310-0241-Experimental"
	Name="mr-GP65-Leopard-10SFK"
	Generator="ctest-3.16.3"
	CompilerName="/usr/bin/g++"
	CompilerVersion="9.4.0"
	OSName="Linux"
	Hostname="mr-notebook"
	OSRelease="5.15.0-134-generic"
	OSVersion="#145~20.04.1-Ubuntu SMP Mon Feb 17 13:27:16 UTC 2025"
	OSPlatform="x86_64"
	Is64Bits="1"
	VendorString="GenuineIntel"
	VendorID="Intel Corporation"
	FamilyID="6"
	ModelID="165"
	ProcessorCacheSize="12288"
	NumberOfLogicalCPU="12"
	NumberOfPhysicalCPU="6"
	TotalVirtualMemory="2047"
	TotalPhysicalMemory="15803"
	LogicalProcessorsPerPhysical="2"
	ProcessorClockFrequency="3866.27"
	>
	<Testing>
		<StartDateTime>Mar 10 11:41 KST</StartDateTime>
		<StartTestTime>1741574501</StartTestTime>
		<TestList/>
		<EndDateTime>Mar 10 11:41 KST</EndDateTime>
		<EndTestTime>1741574501</EndTestTime>
		<ElapsedMinutes>0</ElapsedMinutes>
	</Testing>
</Site>
